<?xml version="1.0" encoding="UTF-8"?>
<coverage generated="1748547460251" clover="3.2.0">
  <project timestamp="1748547460251" name="All files">
    <metrics statements="45" coveredstatements="10" conditionals="19" coveredconditionals="0" methods="19" coveredmethods="5" elements="83" coveredelements="15" complexity="0" loc="45" ncloc="45" packages="2" files="2" classes="2"/>
    <package name="repositories">
      <metrics statements="26" coveredstatements="8" conditionals="4" coveredconditionals="0" methods="7" coveredmethods="3"/>
      <file name="cv-repository.js" path="C:\MQL M1\s2\ingeniere du web\TP\Elbouari Khalid CV version Node.js\src\repositories\cv-repository.js">
        <metrics statements="26" coveredstatements="8" conditionals="4" coveredconditionals="0" methods="7" coveredmethods="3"/>
        <line num="5" count="1" type="stmt"/>
        <line num="6" count="1" type="stmt"/>
        <line num="7" count="1" type="stmt"/>
        <line num="10" count="2" type="stmt"/>
        <line num="11" count="2" type="stmt"/>
        <line num="15" count="0" type="stmt"/>
        <line num="16" count="0" type="stmt"/>
        <line num="20" count="1" type="stmt"/>
        <line num="24" count="1" type="stmt"/>
        <line num="25" count="1" type="stmt"/>
        <line num="29" count="0" type="stmt"/>
        <line num="30" count="0" type="stmt"/>
        <line num="31" count="0" type="stmt"/>
        <line num="32" count="0" type="stmt"/>
        <line num="36" count="0" type="stmt"/>
        <line num="37" count="0" type="cond" truecount="0" falsecount="2"/>
        <line num="38" count="0" type="stmt"/>
        <line num="39" count="0" type="stmt"/>
        <line num="40" count="0" type="stmt"/>
        <line num="42" count="0" type="stmt"/>
        <line num="46" count="0" type="stmt"/>
        <line num="47" count="0" type="cond" truecount="0" falsecount="2"/>
        <line num="48" count="0" type="stmt"/>
        <line num="49" count="0" type="stmt"/>
        <line num="50" count="0" type="stmt"/>
        <line num="52" count="0" type="stmt"/>
      </file>
    </package>
    <package name="services">
      <metrics statements="19" coveredstatements="2" conditionals="15" coveredconditionals="0" methods="12" coveredmethods="2"/>
      <file name="cv-service.js" path="C:\MQL M1\s2\ingeniere du web\TP\Elbouari Khalid CV version Node.js\src\services\cv-service.js">
        <metrics statements="19" coveredstatements="2" conditionals="15" coveredconditionals="0" methods="12" coveredmethods="2"/>
        <line num="4" count="1" type="stmt"/>
        <line num="8" count="1" type="stmt"/>
        <line num="12" count="0" type="stmt"/>
        <line num="16" count="0" type="stmt"/>
        <line num="21" count="0" type="stmt"/>
        <line num="26" count="0" type="stmt"/>
        <line num="28" count="0" type="cond" truecount="0" falsecount="2"/>
        <line num="29" count="0" type="stmt"/>
        <line num="31" count="0" type="stmt"/>
        <line num="34" count="0" type="cond" truecount="0" falsecount="3"/>
        <line num="38" count="0" type="stmt"/>
        <line num="39" count="0" type="cond" truecount="0" falsecount="2"/>
        <line num="40" count="0" type="stmt"/>
        <line num="43" count="0" type="stmt"/>
        <line num="44" count="0" type="stmt"/>
        <line num="48" count="0" type="cond" truecount="0" falsecount="3"/>
        <line num="51" count="0" type="cond" truecount="0" falsecount="2"/>
        <line num="54" count="0" type="cond" truecount="0" falsecount="3"/>
        <line num="58" count="0" type="stmt"/>
      </file>
    </package>
  </project>
</coverage>
