{"C:\\MQL M1\\s2\\ingeniere du web\\TP\\Elbouari Khalid CV version Node.js\\src\\repositories\\cv-repository.js": {"path":"C:\\MQL M1\\s2\\ingeniere du web\\TP\\Elbouari Khalid CV version Node.js\\src\\repositories\\cv-repository.js","statementMap":{"0":{"start":{"line":5,"column":19},"end":{"line":5,"column":49}},"1":{"start":{"line":6,"column":18},"end":{"line":6,"column":42}},"2":{"start":{"line":7,"column":17},"end":{"line":7,"column":57}},"3":{"start":{"line":10,"column":18},"end":{"line":10,"column":50}},"4":{"start":{"line":11,"column":2},"end":{"line":11,"column":29}},"5":{"start":{"line":15,"column":15},"end":{"line":15,"column":44}},"6":{"start":{"line":16,"column":2},"end":{"line":16,"column":42}},"7":{"start":{"line":20,"column":2},"end":{"line":20,"column":26}},"8":{"start":{"line":24,"column":15},"end":{"line":24,"column":31}},"9":{"start":{"line":25,"column":2},"end":{"line":25,"column":18}},"10":{"start":{"line":29,"column":15},"end":{"line":29,"column":31}},"11":{"start":{"line":30,"column":16},"end":{"line":30,"column":51}},"12":{"start":{"line":31,"column":2},"end":{"line":31,"column":22}},"13":{"start":{"line":32,"column":2},"end":{"line":32,"column":24}},"14":{"start":{"line":36,"column":15},"end":{"line":36,"column":31}},"15":{"start":{"line":37,"column":2},"end":{"line":41,"column":3}},"16":{"start":{"line":38,"column":4},"end":{"line":38,"column":25}},"17":{"start":{"line":39,"column":4},"end":{"line":39,"column":26}},"18":{"start":{"line":40,"column":4},"end":{"line":40,"column":16}},"19":{"start":{"line":42,"column":2},"end":{"line":42,"column":15}},"20":{"start":{"line":46,"column":15},"end":{"line":46,"column":31}},"21":{"start":{"line":47,"column":2},"end":{"line":51,"column":3}},"22":{"start":{"line":48,"column":4},"end":{"line":48,"column":20}},"23":{"start":{"line":49,"column":4},"end":{"line":49,"column":26}},"24":{"start":{"line":50,"column":4},"end":{"line":50,"column":16}},"25":{"start":{"line":52,"column":2},"end":{"line":52,"column":15}}},"fnMap":{"0":{"name":"readData","decl":{"start":{"line":9,"column":15},"end":{"line":9,"column":23}},"loc":{"start":{"line":9,"column":26},"end":{"line":12,"column":1}},"line":9},"1":{"name":"writeData","decl":{"start":{"line":14,"column":15},"end":{"line":14,"column":24}},"loc":{"start":{"line":14,"column":31},"end":{"line":17,"column":1}},"line":14},"2":{"name":"getAllCVs","decl":{"start":{"line":19,"column":22},"end":{"line":19,"column":31}},"loc":{"start":{"line":19,"column":34},"end":{"line":21,"column":1}},"line":19},"3":{"name":"getCVById","decl":{"start":{"line":23,"column":22},"end":{"line":23,"column":31}},"loc":{"start":{"line":23,"column":36},"end":{"line":26,"column":1}},"line":23},"4":{"name":"addCV","decl":{"start":{"line":28,"column":22},"end":{"line":28,"column":27}},"loc":{"start":{"line":28,"column":35},"end":{"line":33,"column":1}},"line":28},"5":{"name":"updateCV","decl":{"start":{"line":35,"column":22},"end":{"line":35,"column":30}},"loc":{"start":{"line":35,"column":46},"end":{"line":43,"column":1}},"line":35},"6":{"name":"deleteCV","decl":{"start":{"line":45,"column":22},"end":{"line":45,"column":30}},"loc":{"start":{"line":45,"column":35},"end":{"line":53,"column":1}},"line":45}},"branchMap":{"0":{"loc":{"start":{"line":37,"column":2},"end":{"line":41,"column":3}},"type":"if","locations":[{"start":{"line":37,"column":2},"end":{"line":41,"column":3}},{"start":{},"end":{}}],"line":37},"1":{"loc":{"start":{"line":47,"column":2},"end":{"line":51,"column":3}},"type":"if","locations":[{"start":{"line":47,"column":2},"end":{"line":51,"column":3}},{"start":{},"end":{}}],"line":47}},"s":{"0":1,"1":1,"2":1,"3":2,"4":2,"5":0,"6":0,"7":1,"8":1,"9":1,"10":0,"11":0,"12":0,"13":0,"14":0,"15":0,"16":0,"17":0,"18":0,"19":0,"20":0,"21":0,"22":0,"23":0,"24":0,"25":0},"f":{"0":2,"1":0,"2":1,"3":1,"4":0,"5":0,"6":0},"b":{"0":[0,0],"1":[0,0]},"inputSourceMap":null,"_coverageSchema":"1a1c01bbd47fc00a2c39e90264f33305004495a9","hash":"f1130f4a65d58660eaa2e54903c690d23a1bd8d0"}
,"C:\\MQL M1\\s2\\ingeniere du web\\TP\\Elbouari Khalid CV version Node.js\\src\\services\\cv-service.js": {"path":"C:\\MQL M1\\s2\\ingeniere du web\\TP\\Elbouari Khalid CV version Node.js\\src\\services\\cv-service.js","statementMap":{"0":{"start":{"line":4,"column":2},"end":{"line":4,"column":34}},"1":{"start":{"line":8,"column":2},"end":{"line":8,"column":36}},"2":{"start":{"line":12,"column":2},"end":{"line":12,"column":35}},"3":{"start":{"line":16,"column":2},"end":{"line":16,"column":46}},"4":{"start":{"line":21,"column":2},"end":{"line":21,"column":35}},"5":{"start":{"line":26,"column":17},"end":{"line":26,"column":34}},"6":{"start":{"line":28,"column":29},"end":{"line":29,"column":53}},"7":{"start":{"line":29,"column":4},"end":{"line":29,"column":53}},"8":{"start":{"line":31,"column":22},"end":{"line":56,"column":3}},"9":{"start":{"line":34,"column":8},"end":{"line":36,"column":53}},"10":{"start":{"line":38,"column":30},"end":{"line":41,"column":7}},"11":{"start":{"line":39,"column":8},"end":{"line":40,"column":74}},"12":{"start":{"line":40,"column":35},"end":{"line":40,"column":73}},"13":{"start":{"line":43,"column":35},"end":{"line":45,"column":7}},"14":{"start":{"line":44,"column":8},"end":{"line":44,"column":76}},"15":{"start":{"line":44,"column":39},"end":{"line":44,"column":75}},"16":{"start":{"line":48,"column":8},"end":{"line":48,"column":62}},"17":{"start":{"line":51,"column":8},"end":{"line":52,"column":65}},"18":{"start":{"line":54,"column":6},"end":{"line":54,"column":56}},"19":{"start":{"line":58,"column":2},"end":{"line":58,"column":21}}},"fnMap":{"0":{"name":"getAllCVs","decl":{"start":{"line":3,"column":16},"end":{"line":3,"column":25}},"loc":{"start":{"line":3,"column":28},"end":{"line":5,"column":1}},"line":3},"1":{"name":"getCVById","decl":{"start":{"line":7,"column":16},"end":{"line":7,"column":25}},"loc":{"start":{"line":7,"column":30},"end":{"line":9,"column":1}},"line":7},"2":{"name":"addCV","decl":{"start":{"line":11,"column":16},"end":{"line":11,"column":21}},"loc":{"start":{"line":11,"column":29},"end":{"line":13,"column":1}},"line":11},"3":{"name":"updateCV","decl":{"start":{"line":15,"column":16},"end":{"line":15,"column":24}},"loc":{"start":{"line":15,"column":40},"end":{"line":17,"column":1}},"line":15},"4":{"name":"deleteCV","decl":{"start":{"line":20,"column":16},"end":{"line":20,"column":24}},"loc":{"start":{"line":20,"column":29},"end":{"line":22,"column":1}},"line":20},"5":{"name":"searchCVs","decl":{"start":{"line":25,"column":22},"end":{"line":25,"column":31}},"loc":{"start":{"line":25,"column":61},"end":{"line":59,"column":1}},"line":25},"6":{"name":"(anonymous_6)","decl":{"start":{"line":28,"column":29},"end":{"line":28,"column":30}},"loc":{"start":{"line":29,"column":4},"end":{"line":29,"column":53}},"line":29},"7":{"name":"(anonymous_7)","decl":{"start":{"line":32,"column":34},"end":{"line":32,"column":35}},"loc":{"start":{"line":32,"column":49},"end":{"line":55,"column":5}},"line":32},"8":{"name":"(anonymous_8)","decl":{"start":{"line":38,"column":56},"end":{"line":38,"column":57}},"loc":{"start":{"line":39,"column":8},"end":{"line":40,"column":74}},"line":39},"9":{"name":"(anonymous_9)","decl":{"start":{"line":40,"column":25},"end":{"line":40,"column":26}},"loc":{"start":{"line":40,"column":35},"end":{"line":40,"column":73}},"line":40},"10":{"name":"(anonymous_10)","decl":{"start":{"line":43,"column":56},"end":{"line":43,"column":57}},"loc":{"start":{"line":44,"column":8},"end":{"line":44,"column":76}},"line":44},"11":{"name":"(anonymous_11)","decl":{"start":{"line":44,"column":31},"end":{"line":44,"column":32}},"loc":{"start":{"line":44,"column":39},"end":{"line":44,"column":75}},"line":44}},"branchMap":{"0":{"loc":{"start":{"line":28,"column":30},"end":{"line":28,"column":39}},"type":"default-arg","locations":[{"start":{"line":28,"column":37},"end":{"line":28,"column":39}}],"line":28},"1":{"loc":{"start":{"line":28,"column":41},"end":{"line":28,"column":52}},"type":"default-arg","locations":[{"start":{"line":28,"column":50},"end":{"line":28,"column":52}}],"line":28},"2":{"loc":{"start":{"line":34,"column":8},"end":{"line":36,"column":53}},"type":"binary-expr","locations":[{"start":{"line":34,"column":8},"end":{"line":34,"column":13}},{"start":{"line":35,"column":8},"end":{"line":35,"column":54}},{"start":{"line":36,"column":8},"end":{"line":36,"column":53}}],"line":34},"3":{"loc":{"start":{"line":39,"column":8},"end":{"line":40,"column":74}},"type":"binary-expr","locations":[{"start":{"line":39,"column":8},"end":{"line":39,"column":48}},{"start":{"line":40,"column":8},"end":{"line":40,"column":74}}],"line":39},"4":{"loc":{"start":{"line":48,"column":8},"end":{"line":48,"column":62}},"type":"binary-expr","locations":[{"start":{"line":48,"column":8},"end":{"line":48,"column":19}},{"start":{"line":48,"column":23},"end":{"line":48,"column":38}},{"start":{"line":48,"column":42},"end":{"line":48,"column":62}}],"line":48},"5":{"loc":{"start":{"line":51,"column":8},"end":{"line":52,"column":65}},"type":"binary-expr","locations":[{"start":{"line":51,"column":8},"end":{"line":51,"column":14}},{"start":{"line":52,"column":8},"end":{"line":52,"column":65}}],"line":51},"6":{"loc":{"start":{"line":54,"column":13},"end":{"line":54,"column":55}},"type":"binary-expr","locations":[{"start":{"line":54,"column":13},"end":{"line":54,"column":22}},{"start":{"line":54,"column":26},"end":{"line":54,"column":41}},{"start":{"line":54,"column":45},"end":{"line":54,"column":55}}],"line":54}},"s":{"0":1,"1":1,"2":0,"3":0,"4":0,"5":0,"6":0,"7":0,"8":0,"9":0,"10":0,"11":0,"12":0,"13":0,"14":0,"15":0,"16":0,"17":0,"18":0,"19":0},"f":{"0":1,"1":1,"2":0,"3":0,"4":0,"5":0,"6":0,"7":0,"8":0,"9":0,"10":0,"11":0},"b":{"0":[0],"1":[0],"2":[0,0,0],"3":[0,0],"4":[0,0,0],"5":[0,0],"6":[0,0,0]},"inputSourceMap":null,"_coverageSchema":"1a1c01bbd47fc00a2c39e90264f33305004495a9","hash":"18f3b3aff634b2181916e641d61ac3e515f5c611"}
}
