TN:
SF:src\repositories\cv-repository.js
FN:9,readData
FN:14,writeData
FN:19,getAllCVs
FN:23,getCVById
FN:28,addCV
FN:35,updateCV
FN:45,deleteCV
FNF:7
FNH:3
FNDA:2,readData
FNDA:0,writeData
FNDA:1,getAllCVs
FNDA:1,getCVById
FNDA:0,addCV
FNDA:0,updateCV
FNDA:0,deleteCV
DA:5,1
DA:6,1
DA:7,1
DA:10,2
DA:11,2
DA:15,0
DA:16,0
DA:20,1
DA:24,1
DA:25,1
DA:29,0
DA:30,0
DA:31,0
DA:32,0
DA:36,0
DA:37,0
DA:38,0
DA:39,0
DA:40,0
DA:42,0
DA:46,0
DA:47,0
DA:48,0
DA:49,0
DA:50,0
DA:52,0
LF:26
LH:8
BRDA:37,0,0,0
BRDA:37,0,1,0
BRDA:47,1,0,0
BRDA:47,1,1,0
BRF:4
BRH:0
end_of_record
TN:
SF:src\services\cv-service.js
FN:3,getAllCVs
FN:7,getCVById
FN:11,addCV
FN:15,updateCV
FN:20,deleteCV
FN:25,searchCVs
FN:28,(anonymous_6)
FN:32,(anonymous_7)
FN:38,(anonymous_8)
FN:40,(anonymous_9)
FN:43,(anonymous_10)
FN:44,(anonymous_11)
FNF:12
FNH:2
FNDA:1,getAllCVs
FNDA:1,getCVById
FNDA:0,addCV
FNDA:0,updateCV
FNDA:0,deleteCV
FNDA:0,searchCVs
FNDA:0,(anonymous_6)
FNDA:0,(anonymous_7)
FNDA:0,(anonymous_8)
FNDA:0,(anonymous_9)
FNDA:0,(anonymous_10)
FNDA:0,(anonymous_11)
DA:4,1
DA:8,1
DA:12,0
DA:16,0
DA:21,0
DA:26,0
DA:28,0
DA:29,0
DA:31,0
DA:34,0
DA:38,0
DA:39,0
DA:40,0
DA:43,0
DA:44,0
DA:48,0
DA:51,0
DA:54,0
DA:58,0
LF:19
LH:2
BRDA:28,0,0,0
BRDA:28,1,0,0
BRDA:34,2,0,0
BRDA:34,2,1,0
BRDA:34,2,2,0
BRDA:39,3,0,0
BRDA:39,3,1,0
BRDA:48,4,0,0
BRDA:48,4,1,0
BRDA:48,4,2,0
BRDA:51,5,0,0
BRDA:51,5,1,0
BRDA:54,6,0,0
BRDA:54,6,1,0
BRDA:54,6,2,0
BRF:15
BRH:0
end_of_record
